<?xml version="1.0" encoding="UTF-8"?>
<testsuite name="com.cookos.ExampleUnitTest" tests="1" skipped="0" failures="0" errors="0" timestamp="2023-03-14T20:27:36" hostname="DENISSSBY" time="0.002">
  <properties/>
  <testcase name="addition_isCorrect" classname="com.cookos.ExampleUnitTest" time="0.002"/>
  <system-out><![CDATA[]]></system-out>
  <system-err><![CDATA[]]></system-err>
</testsuite>
